-------------------------------------------------------------------------------
Test set: org.demo.dao.CountryDaoTest
-------------------------------------------------------------------------------
Tests run: 1, Failures: 0, Errors: 1, Skipped: 0, Time elapsed: 11.791 sec <<< FAILURE!
test(org.demo.dao.CountryDaoTest)  Time elapsed: 11.74 sec  <<< ERROR!
com.mongodb.MongoTimeoutException: Timed out after 10000 ms while waiting for a server that matches AnyServerSelector{}. Client view of cluster state is {type=Unknown, servers=[{address=localhost:27017, type=Unknown, state=Connecting, exception={com.mongodb.MongoException$Network: Exception opening the socket}, caused by {java.net.ConnectException: Connection refused}}]
	at com.mongodb.BaseCluster.getServer(BaseCluster.java:82)
	at com.mongodb.DBTCPConnector.getServer(DBTCPConnector.java:656)
	at com.mongodb.DBTCPConnector.access$500(DBTCPConnector.java:40)
	at com.mongodb.DBTCPConnector$MyPort.getConnection(DBTCPConnector.java:505)
	at com.mongodb.DBTCPConnector$MyPort.get(DBTCPConnector.java:448)
	at com.mongodb.DBTCPConnector.getPrimaryPort(DBTCPConnector.java:407)
	at com.mongodb.DBCollectionImpl.update(DBCollectionImpl.java:265)
	at com.mongodb.DBCollection.update(DBCollection.java:214)
	at com.mongodb.DBCollection.save(DBCollection.java:1058)
	at org.mongodb.morphia.DatastoreImpl.save(DatastoreImpl.java:950)
	at org.mongodb.morphia.DatastoreImpl.save(DatastoreImpl.java:1014)
	at org.mongodb.morphia.DatastoreImpl.save(DatastoreImpl.java:1001)
	at org.demo.dao.CountryDao.save(CountryDao.java:54)
	at org.demo.dao.CountryDaoTest.test(CountryDaoTest.java:88)
	at sun.reflect.NativeMethodAccessorImpl.invoke0(Native Method)
	at sun.reflect.NativeMethodAccessorImpl.invoke(NativeMethodAccessorImpl.java:62)
	at sun.reflect.DelegatingMethodAccessorImpl.invoke(DelegatingMethodAccessorImpl.java:43)
	at java.lang.reflect.Method.invoke(Method.java:483)
	at org.junit.runners.model.FrameworkMethod$1.runReflectiveCall(FrameworkMethod.java:50)
	at org.junit.internal.runners.model.ReflectiveCallable.run(ReflectiveCallable.java:12)
	at org.junit.runners.model.FrameworkMethod.invokeExplosively(FrameworkMethod.java:47)
	at org.junit.internal.runners.statements.InvokeMethod.evaluate(InvokeMethod.java:17)
	at org.junit.internal.runners.statements.RunBefores.evaluate(RunBefores.java:26)
	at org.junit.internal.runners.statements.RunAfters.evaluate(RunAfters.java:27)
	at org.junit.runners.ParentRunner.runLeaf(ParentRunner.java:325)
	at org.junit.runners.BlockJUnit4ClassRunner.runChild(BlockJUnit4ClassRunner.java:78)
	at org.junit.runners.BlockJUnit4ClassRunner.runChild(BlockJUnit4ClassRunner.java:57)
	at org.junit.runners.ParentRunner$3.run(ParentRunner.java:290)
	at org.junit.runners.ParentRunner$1.schedule(ParentRunner.java:71)
	at org.junit.runners.ParentRunner.runChildren(ParentRunner.java:288)
	at org.junit.runners.ParentRunner.access$000(ParentRunner.java:58)
	at org.junit.runners.ParentRunner$2.evaluate(ParentRunner.java:268)
	at org.junit.runners.ParentRunner.run(ParentRunner.java:363)
	at org.apache.maven.surefire.junit4.JUnit4Provider.execute(JUnit4Provider.java:252)
	at org.apache.maven.surefire.junit4.JUnit4Provider.executeTestSet(JUnit4Provider.java:141)
	at org.apache.maven.surefire.junit4.JUnit4Provider.invoke(JUnit4Provider.java:112)
	at sun.reflect.NativeMethodAccessorImpl.invoke0(Native Method)
	at sun.reflect.NativeMethodAccessorImpl.invoke(NativeMethodAccessorImpl.java:62)
	at sun.reflect.DelegatingMethodAccessorImpl.invoke(DelegatingMethodAccessorImpl.java:43)
	at java.lang.reflect.Method.invoke(Method.java:483)
	at org.apache.maven.surefire.util.ReflectionUtils.invokeMethodWithArray(ReflectionUtils.java:189)
	at org.apache.maven.surefire.booter.ProviderFactory$ProviderProxy.invoke(ProviderFactory.java:165)
	at org.apache.maven.surefire.booter.ProviderFactory.invokeProvider(ProviderFactory.java:85)
	at org.apache.maven.surefire.booter.ForkedBooter.runSuitesInProcess(ForkedBooter.java:115)
	at org.apache.maven.surefire.booter.ForkedBooter.main(ForkedBooter.java:75)

