<?xml version="1.0" encoding="UTF-8" ?>
<testsuite tests="1" failures="0" name="org.demo.dao.EmployeeDaoTest" time="11.486" errors="1" skipped="0">
  <properties>
[...]
</properties>
  <testcase classname="org.demo.dao.EmployeeDaoTest" name="test" time="11.486">
    <error message="Timed out after 10000 ms while waiting for a server that matches AnyServerSelector{}. Client view of cluster state is {type=Unknown, servers=[{address=localhost:27017, type=Unknown, state=Connecting, exception={com.mongodb.MongoException$Network: Exception opening the socket}, caused by {java.net.ConnectException: Connection refused}}]" type="com.mongodb.MongoTimeoutException">com.mongodb.MongoTimeoutException: Timed out after 10000 ms while waiting for a server that matches AnyServerSelector{}. Client view of cluster state is {type=Unknown, servers=[{address=localhost:27017, type=Unknown, state=Connecting, exception={com.mongodb.MongoException$Network: Exception opening the socket}, caused by {java.net.ConnectException: Connection refused}}]
	at com.mongodb.BaseCluster.getServer(BaseCluster.java:82)
	at com.mongodb.DBTCPConnector.getServer(DBTCPConnector.java:656)
	at com.mongodb.DBTCPConnector.access$500(DBTCPConnector.java:40)
	at com.mongodb.DBTCPConnector$MyPort.getConnection(DBTCPConnector.java:505)
	at com.mongodb.DBTCPConnector$MyPort.get(DBTCPConnector.java:448)
	at com.mongodb.DBTCPConnector.getPrimaryPort(DBTCPConnector.java:407)
	at com.mongodb.DBCollectionImpl.insert(DBCollectionImpl.java:184)
	at com.mongodb.DBCollectionImpl.insert(DBCollectionImpl.java:167)
	at com.mongodb.DBCollection.insert(DBCollection.java:161)
	at com.mongodb.DBCollection.insert(DBCollection.java:107)
	at com.mongodb.DBCollection.save(DBCollection.java:1049)
	at org.mongodb.morphia.DatastoreImpl.save(DatastoreImpl.java:950)
	at org.mongodb.morphia.DatastoreImpl.save(DatastoreImpl.java:1014)
	at org.mongodb.morphia.DatastoreImpl.save(DatastoreImpl.java:1001)
	at org.demo.dao.EmployeeDao.save(EmployeeDao.java:55)
	at org.demo.dao.EmployeeDaoTest.test(EmployeeDaoTest.java:88)
	at sun.reflect.NativeMethodAccessorImpl.invoke0(Native Method)
	at sun.reflect.NativeMethodAccessorImpl.invoke(NativeMethodAccessorImpl.java:62)
	at sun.reflect.DelegatingMethodAccessorImpl.invoke(DelegatingMethodAccessorImpl.java:43)
	at java.lang.reflect.Method.invoke(Method.java:483)
	at org.junit.runners.model.FrameworkMethod$1.runReflectiveCall(FrameworkMethod.java:50)
	at org.junit.internal.runners.model.ReflectiveCallable.run(ReflectiveCallable.java:12)
	at org.junit.runners.model.FrameworkMethod.invokeExplosively(FrameworkMethod.java:47)
	at org.junit.internal.runners.statements.InvokeMethod.evaluate(InvokeMethod.java:17)
	at org.junit.internal.runners.statements.RunBefores.evaluate(RunBefores.java:26)
	at org.junit.internal.runners.statements.RunAfters.evaluate(RunAfters.java:27)
	at org.junit.runners.ParentRunner.runLeaf(ParentRunner.java:325)
	at org.junit.runners.BlockJUnit4ClassRunner.runChild(BlockJUnit4ClassRunner.java:78)
	at org.junit.runners.BlockJUnit4ClassRunner.runChild(BlockJUnit4ClassRunner.java:57)
	at org.junit.runners.ParentRunner$3.run(ParentRunner.java:290)
	at org.junit.runners.ParentRunner$1.schedule(ParentRunner.java:71)
	at org.junit.runners.ParentRunner.runChildren(ParentRunner.java:288)
	at org.junit.runners.ParentRunner.access$000(ParentRunner.java:58)
	at org.junit.runners.ParentRunner$2.evaluate(ParentRunner.java:268)
	at org.junit.runners.ParentRunner.run(ParentRunner.java:363)
	at org.apache.maven.surefire.junit4.JUnit4Provider.execute(JUnit4Provider.java:252)
	at org.apache.maven.surefire.junit4.JUnit4Provider.executeTestSet(JUnit4Provider.java:141)
	at org.apache.maven.surefire.junit4.JUnit4Provider.invoke(JUnit4Provider.java:112)
	at sun.reflect.NativeMethodAccessorImpl.invoke0(Native Method)
	at sun.reflect.NativeMethodAccessorImpl.invoke(NativeMethodAccessorImpl.java:62)
	at sun.reflect.DelegatingMethodAccessorImpl.invoke(DelegatingMethodAccessorImpl.java:43)
	at java.lang.reflect.Method.invoke(Method.java:483)
	at org.apache.maven.surefire.util.ReflectionUtils.invokeMethodWithArray(ReflectionUtils.java:189)
	at org.apache.maven.surefire.booter.ProviderFactory$ProviderProxy.invoke(ProviderFactory.java:165)
	at org.apache.maven.surefire.booter.ProviderFactory.invokeProvider(ProviderFactory.java:85)
	at org.apache.maven.surefire.booter.ForkedBooter.runSuitesInProcess(ForkedBooter.java:115)
	at org.apache.maven.surefire.booter.ForkedBooter.main(ForkedBooter.java:75)
</error>
    <system-out>Extract /Users/ludovicchaboud/.embedmongo/osx/mongodb-osx-x86_64-3.0.0.tgz START
Extract /Users/ludovicchaboud/.embedmongo/osx/mongodb-osx-x86_64-3.0.0.tgz DONE
[mongod output]note: noprealloc may hurt performance in many applications
[mongod output] 2015-03-27T17:38:47.204+0100 I CONTROL  [initandlisten] MongoDB starting : pid=3406 port=12345 dbpath=/var/folders/4d/jw8vbhxd08n2vmqh_j_zy0pm0000gn/T/embedmongo-db-8ebe686f-6f56-463c-86ab-aa1a49b34ec2 64-bit host=MacBook-Pro-de-Ludovic.local
[mongod output] 2015-03-27T17:38:47.204+0100 I CONTROL  [initandlisten] db version v3.0.0
[mongod output] 2015-03-27T17:38:47.204+0100 I CONTROL  [initandlisten] git version: a841fd6394365954886924a35076691b4d149168
[mongod output] 2015-03-27T17:38:47.204+0100 I CONTROL  [initandlisten] build info: Darwin bs-osx108-1 12.5.0 Darwin Kernel Version 12.5.0: Sun Sep 29 13:33:47 PDT 2013; root:xnu-2050.48.12~1/RELEASE_X86_64 x86_64 BOOST_LIB_VERSION=1_49
[mongod output] 2015-03-27T17:38:47.204+0100 I CONTROL  [initandlisten] allocator: system
[mongod output] 2015-03-27T17:38:47.204+0100 I CONTROL  [initandlisten] options: { net: { http: { enabled: false }, port: 12345 }, security: { authorization: &quot;disabled&quot; }, storage: { dbPath: &quot;/var/folders/4d/jw8vbhxd08n2vmqh_j_zy0pm0000gn/T/embedmongo-db-8ebe686f-6f56-463c-86ab-aa1a49b34ec2&quot;, journal: { enabled: false }, mmapv1: { preallocDataFiles: false, smallFiles: true }, syncPeriodSecs: 0.0 } }
[mongod output] 2015-03-27T17:38:47.213+0100 I STORAGE  [DataFileSync] warning: --syncdelay 0 is not recommended and can have strange performance
[mongod output] 2015-03-27T17:38:47.214+0100 I INDEX    [initandlisten] allocating new ns file /var/folders/4d/jw8vbhxd08n2vmqh_j_zy0pm0000gn/T/embedmongo-db-8ebe686f-6f56-463c-86ab-aa1a49b34ec2/local.ns, filling with zeroes...
[mongod output] 2015-03-27T17:38:47.259+0100 I STORAGE  [FileAllocator] allocating new datafile /var/folders/4d/jw8vbhxd08n2vmqh_j_zy0pm0000gn/T/embedmongo-db-8ebe686f-6f56-463c-86ab-aa1a49b34ec2/local.0, filling with zeroes...
[mongod output] 2015-03-27T17:38:47.259+0100 I STORAGE  [FileAllocator] creating directory /var/folders/4d/jw8vbhxd08n2vmqh_j_zy0pm0000gn/T/embedmongo-db-8ebe686f-6f56-463c-86ab-aa1a49b34ec2/_tmp
[mongod output] 2015-03-27T17:38:47.291+0100 I STORAGE  [FileAllocator] done allocating datafile /var/folders/4d/jw8vbhxd08n2vmqh_j_zy0pm0000gn/T/embedmongo-db-8ebe686f-6f56-463c-86ab-aa1a49b34ec2/local.0, size: 16MB,  took 0.032 secs
[mongod output] 2015-03-27T17:38:47.309+0100 I NETWORK  [initandlisten] waiting for connections on port 12345
[mongod output] 2015-03-27T17:38:47.310+0100 I NETWORK  [initandlisten] connection accepted from 127.0.0.1:52864 #1 (1 connection now open)
[mongod output] 2015-03-27T17:38:47.312+0100 I NETWORK  [initandlisten] connection accepted from 127.0.0.1:52865 #2 (2 connections now open)
[mongod output] 2015-03-27T17:38:50.771+0100 I NETWORK  [initandlisten] connection accepted from 127.0.0.1:52921 #3 (3 connections now open)
[mongod output] 2015-03-27T17:38:57.320+0100 I NETWORK  [initandlisten] connection accepted from 127.0.0.1:52937 #4 (4 connections now open)
[mongod output] 2015-03-27T17:38:57.320+0100 I COMMAND  [conn4] terminating, shutdown command received
[mongod output] 2015-03-27T17:38:57.320+0100 I CONTROL  [conn4] now exiting
[mongod output] 2015-03-27T17:38:57.320+0100 I NETWORK  [conn4] shutdown: going to close listening sockets...
[mongod output] 2015-03-27T17:38:57.320+0100 I NETWORK  [conn4] closing listening socket: 5
[mongod output] 2015-03-27T17:38:57.320+0100 I NETWORK  [conn4] closing listening socket: 6
[mongod output] 2015-03-27T17:38:57.321+0100 I NETWORK  [conn4] removing socket file: /tmp/mongodb-12345.sock
[mongod output] 2015-03-27T17:38:57.321+0100 I NETWORK  [conn4] shutdown: going to flush diaglog...
[mongod output] 2015-03-27T17:38:57.321+0100 I NETWORK  [conn4] shutdown: going to close sockets...
[mongod output] 2015-03-27T17:38:57.321+0100 I STORAGE  [conn4] shutdown: waiting for fs preallocator...
[mongod output] 2015-03-27T17:38:57.321+0100 I STORAGE  [conn4] shutdown: closing all files...
[mongod output] 2015-03-27T17:38:57.321+0100 I NETWORK  [conn2] end connection 127.0.0.1:52865 (3 connections now open)
[mongod output] 2015-03-27T17:38:57.321+0100 I NETWORK  [conn3] end connection 127.0.0.1:52921 (3 connections now open)
[mongod output] 2015-03-27T17:38:57.321+0100 I NETWORK  [conn1] end connection 127.0.0.1:52864 (3 connections now open)
[mongod output] 2015-03-27T17:38:57.322+0100 I STORAGE  [conn4] closeAllFiles() finished
[mongod output] 2015-03-27T17:38:57.322+0100 I STORAGE  [conn4] shutdown: removing fs lock...
[mongod output] 2015-03-27T17:38:57.322+0100 I CONTROL  [conn4] dbexit:  rc: 0
[mongod output] 
</system-out>
  </testcase>
</testsuite>